 URL : "https://github.com/apollographql/apollo-angular/issues/341" TITLE : aot compilation bug BODY : during build in aot mode only my setup angular2 project + apollo-client. app have following errors error in /home/fmatuszewski/projects/trails-core/trails-polymer/node_modules/@types/graphql/execution/execute.d.ts 1,44 : error ts2307: cannot find module '../error'. error in /home/fmatuszewski/projects/trails-core/trails-polymer/node_modules/@types/graphql/index.d.ts 15,15 : error ts2307: cannot find module './type'. error in /home/fmatuszewski/projects/trails-core/trails-polymer/node_modules/@types/graphql/index.d.ts 19,15 : error ts2307: cannot find module './language'. error in /home/fmatuszewski/projects/trails-core/trails-polymer/node_modules/@types/graphql/index.d.ts 28,8 : error ts2307: cannot find module './execution'. error in /home/fmatuszewski/projects/trails-core/trails-polymer/node_modules/@types/graphql/index.d.ts 36,8 : error ts2307: cannot find module './validation'. project includes many over dependencies and build fine without apollo-angular dependency. project gives this error only with aot compilation production mode i would consider this bug critical, since angular 2 projects couldn't be build in production with apollo-angular. apollo-angular : ^0.13.0 , apollo-client : ^1.9.0-1 , @angular/animations : 4.0.1 , @angular/common : 4.0.1 , @angular/compiler : 4.0.1 , @angular/compiler-cli : 4.0.1 , @angular/core : 4.0.1 , @angular/forms : 4.0.1 , @angular/http : 4.0.1 , @angular/platform-browser : 4.0.1 , @angular/platform-browser-dynamic : 4.0.1 , @angular/platform-server : 4.0.1 , @angular/router : 4.0.1 , @angular/cli : 1.2.6 ,