 URL : "https://github.com/TriPSs/react-esc-example/issues/11" TITLE : failed at npm start BODY : error in ./src/styles/assets/duck.jpg module build failed: error: dyld: library not loaded: /usr/local/opt/libpng/lib/libpng16.16.dylib referenced from: /users/admin/git/react-esc-example/node_modules/mozjpeg/vendor/cjpeg reason: image not found at promise.all.then.arr /users/admin/git/react-esc-example/node_modules/execa/index.js:201:11 at process._tickdomaincallback internal/process/next_tick.js:129:7 @ ./src/routes/home/homecomponent.js 16:12-45 @ ./src/routes/home/index.js @ ./src/layouts/corelayout/corelayout.js @ ./src/routes/index.js @ ./~/react-esc/client/client.js @ ./~/react-esc/client/index.js @ ./src/client.js @ multi ./src/client.js webpack-hot-middleware/client?path=http://192.168.0.13:3000/__webpack_hmr