 URL : "https://github.com/FrancoAra/purity/issues/35" TITLE : can't compile master BODY : rife:purity assen$ scala -version scala code runner version 2.12.4 -- copyright 2002-2017, lamp/epfl and lightbend, inc. rife:purity assen$ sbt clean compile info loading settings from idea.sbt,plugins.sbt,gpg.sbt ... info loading global plugins from /users/assen/.sbt/1.0/plugins info loading settings from plugins.sbt ... info loading project definition from /users/assen/projects/purity/project info loading settings from version.sbt,build.sbt ... info set current project to purity in build file:/users/assen/projects/purity/ info executing in batch mode. for better performance use sbt's shell success total time: 0 s, completed dec 19, 2017 9:06:05 pm info compiling 10 scala sources to /users/assen/projects/purity/core/target/scala-2.12/classes ... error /users/assen/projects/purity/core/src/main/scala/purity/proposition.scala:46:30: missing parameter type for expanded function x$1: <error> => check x$1 .map f error proposition e2, a check _ .map f error ^ error /users/assen/projects/purity/core/src/main/scala/purity/proposition.scala:49:30: missing parameter type for expanded function x$2: <error> => check x$2 .not e error proposition ee, a check _ .not e error ^ error /users/assen/projects/purity/core/src/main/scala/purity/proposition.scala:52:25: missing parameter type error proposition ee, aa a => check a && g.check a error ^ error /users/assen/projects/purity/core/src/main/scala/purity/proposition.scala:55:25: missing parameter type error proposition ee, aa a => check a || g.check a error ^ error four errors found error core/compile:compileincremental compilation failed error total time: 6 s, completed dec 19, 2017 9:06:11 pm