 URL : "https://github.com/prt459/vk3hn_CW_keyer/issues/1" TITLE : enum compiler errors BODY : script reuser jerry reported arduino ide 1.60 compiler errors: basic_cw_keyer.ino:42:20: error: variable or field 'set_key_state' declared void basic_cw_keyer.ino:42:20: error: 'key_state_e' was not declared in this scope basic_cw_keyer.ino:43:21: error: variable or field 'activate_state' declared void basic_cw_keyer.ino:43:21: error: 'trx_state_e' was not declared in this scope error compiling.