 URL : "https://github.com/Rubbby/create-react-library/issues/3" TITLE : errors running tests BODY : running yarn run test produces the following error: yarn run v0.27.5 $ node scripts/test.js --env=jsdom 2017-09-01 12:56 node 30987 fsevents.framework fseventstreamstart: register_with_server: error: f2d_register_rpc => null -22 2017-09-01 12:56 node 30987 fsevents.framework fseventstreamstart: register_with_server: error: f2d_register_rpc => null -22 2017-09-01 12:56 node 30987 fsevents.framework fseventstreamstart: register_with_server: error: f2d_register_rpc => null -22 events.js:163 throw er; // unhandled 'error' event ^ error: error watching file for changes: emfile at exports._errnoexception util.js:1034:11 at fsevent.fswatcher._handle.onchange fs.js:1376:11 and npm run test fails too: npm err! darwin 16.4.0 npm err! argv /usr/local/bin/node /usr/local/bin/npm run test npm err! node v7.8.0 npm err! npm v4.2.0 npm err! code elifecycle npm err! errno 1 npm err! create-react-library@1.0.0 test: node scripts/test.js --env=jsdom npm err! exit status 1 npm err! npm err! failed at the create-react-library@1.0.0 test script 'node scripts/test.js --env=jsdom'. npm err! make sure you have the latest version of node.js and npm installed. npm err! if you do, this is most likely a problem with the create-react-library package, npm err! not with npm itself. npm err! tell the author that this fails on your system: npm err! node scripts/test.js --env=jsdom npm err! you can get information on how to open an issue for this project with: npm err! npm bugs create-react-library npm err! or if that isn't available, you can get their info via: npm err! npm owner ls create-react-library npm err! there is likely additional logging output above.