 URL : "https://github.com/ue4plugins/TextAsset/issues/1" TITLE : on mac compile fails BODY : ue4.15p4, macos 10.12.3, latest xcode. another plugins compiles fine. but i want to try that textasset. so log: oginit:warning: incompatible or missing module: ue4editor-textasset.dylib loginit:warning: incompatible or missing module: ue4editor-textasseteditor.dylib running mono... setting up mono /users/shared/unrealengine/4.15/engine /users/shared/unrealengine/4.15/engine/binaries/mac messages while compiling /users/mbargo/documents/projects/unreal/!_experiments/temp415copy/intermediate/build/buildrules/temp415copymodulerules.dll: /users/mbargo/documents/projects/unreal/!_experiments/temp415copy/plugins/textasset/source/textasset/textasset.build.cs 7,50 : error cs1729: the type unrealbuildtool.modulerules' does not contain a constructor that takes 1' arguments 0,0 : error : /users/shared/unrealengine/4.15/engine/binaries/dotnet/unrealbuildtool.exe location of the symbol related to previous error /users/mbargo/documents/projects/unreal/!_experiments/temp415copy/plugins/textasset/source/textasseteditor/textasseteditor.build.cs 7,55 : error cs1729: the type unrealbuildtool.modulerules' does not contain a constructor that takes 1' arguments 0,0 : error : /users/shared/unrealengine/4.15/engine/binaries/dotnet/unrealbuildtool.exe location of the symbol related to previous error error: unrealbuildtool encountered an error while compiling source files loginit:warning: still incompatible or missing module: ue4editor-textasset.dylib loginit:warning: still incompatible or missing module: ue4editor-textasseteditor.dylib logexit: preparing to exit. textasset.build.cs 7,50 textasseteditor.build.cs 7,55 both at in line with : base target is it absent constructor?