 URL : "https://github.com/ElektraInitiative/libelektra/issues/1313" TITLE : date: test cases fail BODY : start 67: testmod_date 67/169 test 67: testmod_date ....................... failed 0.00 sec date tests ================== src/plugins/date/testmod_date.c:26: error in testfmt: validation failed src/plugins/date/testmod_date.c:55: error in testrfc2822: validation failed testmod_date results: 72 test s done. 2 error s .