 URL : "https://github.com/chrisdew/protobuf/issues/55" TITLE : fails to build on osx BODY : os: 16.4.0 darwin kernel version 16.4.0: thu dec 22 22:53:21 pst 2016; root:xnu3789.41.3~3/release_x86_64 x86_64 npm: 4.3.0 node: v7.6.0 apart from a shitload of warning about for-looping over and comparing integers and unsigned long.. there is those pesky error-messages that stops the whole thing: ../protobuf/src/google/protobuf/message.cc:130:60: error: implicit instantiation of undefined template 'std::__1::basic_istream<char, std::__1::char_traits<char> >' return parsefromzerocopystream &zero_copy_input && input->eof ; ^ /library/developer/commandlinetools/usr/bin/../include/c++/v1/iosfwd:109:33: note: template is declared here class _libcpp_type_vis_only basic_istream; ^ ../protobuf/src/google/protobuf/message.cc:135:67: error: implicit instantiation of undefined template 'std::__1::basic_istream<char, std::__1::char_traits<char> >' return parsepartialfromzerocopystream &zero_copy_input && input->eof ; ^ /library/developer/commandlinetools/usr/bin/../include/c++/v1/iosfwd:109:33: note: template is declared here class _libcpp_type_vis_only basic_istream; ^ ../protobuf/src/google/protobuf/message.cc:175:16: error: implicit instantiation of undefined template 'std::__1::basic_ostream<char, std::__1::char_traits<char> >' return output->good ; ^ /library/developer/commandlinetools/usr/bin/../include/c++/v1/iosfwd:111:33: note: template is declared here class _libcpp_type_vis_only basic_ostream;