 URL : "https://github.com/TobiasHennig/nativescript-toast/issues/23" TITLE : build error under os x BODY : i keep getting: the following build commands failed: compileswiftsources normal arm64 com.apple.xcode.tools.swift.compiler compileswift normal arm64 /users/djenkov/work/opencartmobile/platforms/ios/pods/toaster/sources/toast.swift compileswift normal arm64 /users/djenkov/work/opencartmobile/platforms/ios/pods/toaster/sources/toastcenter.swift compileswift normal arm64 /users/djenkov/work/opencartmobile/platforms/ios/pods/toaster/sources/toastview.swift compileswift normal arm64 /users/djenkov/work/opencartmobile/platforms/ios/pods/toaster/sources/toastwindow.swift 5 failures command xcodebuild failed with exit code 65 the stack trace is actually bigger with thousands of /users/djenkov/work/opencartmobile/platforms/ios/pods/toaster/sources/toastwindow.swift:65:29: error: type 'uicolor?' has no member 'clear' self.backgroundcolor = .clear ^~~~~ /users/djenkov/work/opencartmobile/platforms/ios/pods/toaster/sources/toastwindow.swift:66:5: error: value of type 'toastwindow' has no member 'ishidden' self.ishidden = false ^~~~ ~~~~~~~~ /users/djenkov/work/opencartmobile/platforms/ios/pods/toaster/sources/toastwindow.swift:67:5: error: value of type 'toastwindow' has no member 'handlerotate' self.handlerotate uiapplication.shared.statusbarorientation using {n} 2.5 + angular 2 . updated cocoapods. updated to xcode 8.2.1.