 URL : "https://github.com/termux/termux-packages/issues/773" TITLE : compile error tinc vpn BODY : hi, i am trying to compile tinc vpn software. my build.sh is : ~/termux-packages-master/packages/tinc $ cat build.sh termux_pkg_homepage=http://tinc-vpn.org/ termux_pkg_description= tinc is a virtual private network vpn daemon that uses tunnelling and encryption to create a secure private network between hosts on the internet. termux_pkg_depends= liblzo, libandroid-support termux_pkg_conflicts= termux_pkg_version=1.1pre14 termux_pkg_srcurl=http://tinc-vpn.org/packages/tinc-${termux_pkg_version}.tar.gz termux_pkg_sha256=e349e78f0e0d10899b8ab51c285bdb96c5ee322e847dfcf6ac9e21036286221f termux_pkg_foldername=tinc-${termux_pkg_version} termux_pkg_extra_configure_args= termux_step_pre_configure { ldflags+= -llog -landroid } but i get de the following error: cc openssl/rsa.o ccld sptps_keypair ccld sptps_test ccld sptps_speed /home/perry/.termux-build/_lib/toolchain-aarch64-ndk13-api21-v10/bin/aarch64-linux-android-ld: error: cannot find -lrt clang38: error: linker command failed with exit code 1 use -v to see invocation makefile:795: recipe for target 'sptps_speed' failed make 2 : sptps_speed error 1 make 2 : waiting for unfinished jobs.... make 2 : leaving directory '/home/perry/.termux-build/tinc/build/src' makefile:376: recipe for target 'all-recursive' failed make 1 : all-recursive error 1 make 1 : leaving directory '/home/perry/.termux-build/tinc/build' makefile:317: recipe for target 'all' failed make: all error 2 i neede some help ? greetings from amsterdam, perry