 URL : "https://github.com/sunng87/handlebars-rust/issues/165" TITLE : some tests are failing BODY : ---- helpers::helper_each::test::test_empty_key stdout ---- thread 'helpers::helper_each::test::test_empty_key' panicked at 'assertion failed: left == right left: , - , foo-bar , right: , -baz , foo-bar ', src/helpers/helper_each.rs:240 note: run with rust_backtrace=1 for a backtrace. ---- render::test_render_error_line_no stdout ---- thread 'render::test_render_error_line_no' panicked at 'called option::unwrap on a none value', src/libcore/option.rs:329 ---- template::test_whitespace_elements stdout ---- thread 'template::test_whitespace_elements' panicked at 'called option::unwrap on a none value', src/libcore/option.rs:329 not sure which information i can give more..