 URL : "https://github.com/sidaf/homebrew-pentest/issues/5" TITLE : cowpatty install issues BODY : after trying to install i'm getting: last 15 lines from /users/duffy/library/logs/homebrew/cowpatty/01.make: clang -pipe -wall -dopenssl -o2 -g3 -ggdb -c -o md5.o md5.c clang -pipe -wall -dopenssl -o2 -g3 -ggdb -c -o sha1.o sha1.c clang -pipe -wall -dopenssl -o2 -g3 -ggdb -c -o utils.o utils.c clang -pipe -wall -dopenssl -o2 -g3 -ggdb -c -o cowpatty.o cowpatty.c clang -pipe -wall -dopenssl -o2 -g3 -ggdb -c -o genpmk.o genpmk.c clang -pipe -wall -dopenssl -o2 -g3 -ggdb cowpatty.c -o cowpatty utils.o md5.o sha1.o -lpcap -lcrypto clang -pipe -wall -dopenssl -o2 -g3 -ggdb genpmk.c -o genpmk utils.o sha1.o -lpcap -lcrypto clang: error: no such file or directory: 'utils.o' clang: error: no such file or directory: 'sha1.o' make: genpmk error 1 make: waiting for unfinished jobs.... clang: error: no such file or directory: 'utils.o' clang: error: no such file or directory: 'md5.o' clang: error: no such file or directory: 'sha1.o' make: cowpatty error 1