 URL : "https://github.com/sisimai/rb-Sisimai/issues/70" TITLE : install failed on jruby BODY : install version 4.20.2 bash jgem install sisimai -v '4.20.2' output failed building native extensions. this could take a while... error: error installing sisimai: error: failed to build gem native extension. current directory: /opt/jruby/jruby-9.1.8.0/lib/ruby/gems/shared/gems/oj-2.18.5/ext/oj /opt/jruby/jruby-9.1.8.0/bin/jruby -r ./siteconf20170404-4991-1p6m3fc.rb extconf.rb >>>>> creating makefile for jruby version 2.3.1 on java <<<<< creating makefile current directory: /opt/jruby/jruby-9.1.8.0/lib/ruby/gems/shared/gems/oj-2.18.5/ext/oj make destdir= clean current directory: /opt/jruby/jruby-9.1.8.0/lib/ruby/gems/shared/gems/oj-2.18.5/ext/oj make destdir= make: no rule to make target /opt/jruby/jruby-9.1.8.0/lib/ruby/include/ruby/ruby.h', needed by scp.o'. stop. make failed, exit code 2 gem files will remain installed in /opt/jruby/jruby-9.1.8.0/lib/ruby/gems/shared/gems/oj-2.18.5 for inspection. results logged to /opt/jruby/jruby-9.1.8.0/lib/ruby/gems/shared/extensions/universal-java-1.8/2.3.0/oj-2.18.5/gem_make.out install version 4.20.1 bash jgem install sisimai -v '4.20.1' output succeeded fetching: jrjackson-0.4.2-java.gem 100% successfully installed jrjackson-0.4.2-java fetching: sisimai-4.20.1-java.gem 100% successfully installed sisimai-4.20.1-java 2 gems installed