 URL : "https://github.com/viktor-shmigol/ng2-cable-ionic2-example/issues/1" TITLE : fails to build for android BODY : hi, i was trying your ng2-cable-ionic2-example and it works fine with: ionic serve but i get the error below when trying to run an android emulator ionic emulate android . here is more info about my config: cordova cli: 6.4.0 ionic framework version: 2.0.0-rc.3 ionic cli version: 2.1.17 ionic app lib version: 2.1.7 ionic app scripts version: 0.0.45 ios-deploy version: 1.9.0 ios-sim version: 5.0.13 os: macos sierra node version: v7.2.1 xcode version: xcode 8.2.1 build version 8c1002 22:51:47 error: error at /users/chrislain/workspace/ionic/ng2-cable-ionic2-example/.tmp/app/app.module.ngfactory.ts:398:72 22:51:47 supplied parameters do not match any signature of call target. 22:51:47 ngc failed 22:51:47 ionic-app-script task: build 22:51:47 error: error npm err! darwin 16.3.0 npm err! argv /users/chrislain/.nvm/versions/node/v7.2.1/bin/node /users/chrislain/.nvm/versions/node/v7.2.1/bin/npm run ionic:build -- npm err! node v7.2.1 npm err! npm v4.0.5